[0.169s] DEBUG:colcon:Command line arguments: ['/usr/bin/colcon', 'build', '--symlink-install', '--base-paths', 'src']
[0.169s] DEBUG:colcon:Parsed command line arguments: Namespace(log_base=None, log_level=None, verb_name='build', build_base='build', install_base='install', merge_install=False, symlink_install=True, test_result_base=None, continue_on_error=False, executor='parallel', parallel_workers=4, event_handlers=None, ignore_user_meta=False, metas=['./colcon.meta'], base_paths=['src'], packages_ignore=None, packages_ignore_regex=None, paths=None, packages_up_to=None, packages_up_to_regex=None, packages_above=None, packages_above_and_dependencies=None, packages_above_depth=None, packages_select_by_dep=None, packages_skip_by_dep=None, packages_skip_up_to=None, packages_select_build_failed=False, packages_skip_build_finished=False, packages_select_test_failures=False, packages_skip_test_passed=False, packages_select=None, packages_skip=None, packages_select_regex=None, packages_skip_regex=None, packages_start=None, packages_end=None, cmake_args=None, cmake_target=None, cmake_target_skip_unavailable=False, cmake_clean_cache=False, cmake_clean_first=False, cmake_force_configure=False, ament_cmake_args=None, catkin_cmake_args=None, catkin_skip_building_tests=False, verb_parser=<colcon_defaults.argument_parser.defaults.DefaultArgumentsDecorator object at 0xffff8e2b5400>, verb_extension=<colcon_core.verb.build.BuildVerb object at 0xffff8e49dd30>, main=<bound method BuildVerb.main of <colcon_core.verb.build.BuildVerb object at 0xffff8e49dd30>>)
[0.238s] Level 1:colcon.colcon_core.package_discovery:discover_packages(colcon_meta) check parameters
[0.238s] Level 1:colcon.colcon_core.package_discovery:discover_packages(recursive) check parameters
[0.238s] Level 1:colcon.colcon_core.package_discovery:discover_packages(ignore) check parameters
[0.238s] Level 1:colcon.colcon_core.package_discovery:discover_packages(path) check parameters
[0.238s] Level 1:colcon.colcon_core.package_discovery:discover_packages(recursive) discover
[0.239s] INFO:colcon.colcon_core.package_discovery:Crawling recursively for packages in '/home/tracelab/RobotUnified_v2/src'
[0.239s] Level 1:colcon.colcon_core.package_identification:_identify(src) by extensions ['ignore', 'ignore_ament_install']
[0.239s] Level 1:colcon.colcon_core.package_identification:_identify(src) by extension 'ignore'
[0.239s] Level 1:colcon.colcon_core.package_identification:_identify(src) by extension 'ignore_ament_install'
[0.239s] Level 1:colcon.colcon_core.package_identification:_identify(src) by extensions ['colcon_pkg']
[0.239s] Level 1:colcon.colcon_core.package_identification:_identify(src) by extension 'colcon_pkg'
[0.239s] Level 1:colcon.colcon_core.package_identification:_identify(src) by extensions ['colcon_meta']
[0.239s] Level 1:colcon.colcon_core.package_identification:_identify(src) by extension 'colcon_meta'
[0.239s] Level 1:colcon.colcon_core.package_identification:_identify(src) by extensions ['ros']
[0.239s] Level 1:colcon.colcon_core.package_identification:_identify(src) by extension 'ros'
[0.286s] Level 1:colcon.colcon_core.package_identification:_identify(src) by extensions ['cmake', 'python']
[0.286s] Level 1:colcon.colcon_core.package_identification:_identify(src) by extension 'cmake'
[0.286s] Level 1:colcon.colcon_core.package_identification:_identify(src) by extension 'python'
[0.286s] Level 1:colcon.colcon_core.package_identification:_identify(src) by extensions ['python_setup_py']
[0.286s] Level 1:colcon.colcon_core.package_identification:_identify(src) by extension 'python_setup_py'
[0.286s] Level 1:colcon.colcon_core.package_identification:_identify(src/five_dof_cobot_roll_j4_moveit_config) by extensions ['ignore', 'ignore_ament_install']
[0.286s] Level 1:colcon.colcon_core.package_identification:_identify(src/five_dof_cobot_roll_j4_moveit_config) by extension 'ignore'
[0.286s] Level 1:colcon.colcon_core.package_identification:_identify(src/five_dof_cobot_roll_j4_moveit_config) by extension 'ignore_ament_install'
[0.286s] Level 1:colcon.colcon_core.package_identification:_identify(src/five_dof_cobot_roll_j4_moveit_config) by extensions ['colcon_pkg']
[0.286s] Level 1:colcon.colcon_core.package_identification:_identify(src/five_dof_cobot_roll_j4_moveit_config) by extension 'colcon_pkg'
[0.286s] Level 1:colcon.colcon_core.package_identification:_identify(src/five_dof_cobot_roll_j4_moveit_config) by extensions ['colcon_meta']
[0.286s] Level 1:colcon.colcon_core.package_identification:_identify(src/five_dof_cobot_roll_j4_moveit_config) by extension 'colcon_meta'
[0.286s] Level 1:colcon.colcon_core.package_identification:_identify(src/five_dof_cobot_roll_j4_moveit_config) by extensions ['ros']
[0.286s] Level 1:colcon.colcon_core.package_identification:_identify(src/five_dof_cobot_roll_j4_moveit_config) by extension 'ros'
[0.290s] DEBUG:colcon.colcon_core.package_identification:Package 'src/five_dof_cobot_roll_j4_moveit_config' with type 'ros.ament_cmake' and name 'five_dof_cobot_roll_j4_moveit_config'
[0.290s] Level 1:colcon.colcon_core.package_discovery:discover_packages(recursive) using defaults
[0.324s] Level 5:colcon.colcon_core.verb:set package 'five_dof_cobot_roll_j4_moveit_config' build argument 'cmake_args' from command line to 'None'
[0.324s] Level 5:colcon.colcon_core.verb:set package 'five_dof_cobot_roll_j4_moveit_config' build argument 'cmake_target' from command line to 'None'
[0.324s] Level 5:colcon.colcon_core.verb:set package 'five_dof_cobot_roll_j4_moveit_config' build argument 'cmake_target_skip_unavailable' from command line to 'False'
[0.324s] Level 5:colcon.colcon_core.verb:set package 'five_dof_cobot_roll_j4_moveit_config' build argument 'cmake_clean_cache' from command line to 'False'
[0.324s] Level 5:colcon.colcon_core.verb:set package 'five_dof_cobot_roll_j4_moveit_config' build argument 'cmake_clean_first' from command line to 'False'
[0.324s] Level 5:colcon.colcon_core.verb:set package 'five_dof_cobot_roll_j4_moveit_config' build argument 'cmake_force_configure' from command line to 'False'
[0.324s] Level 5:colcon.colcon_core.verb:set package 'five_dof_cobot_roll_j4_moveit_config' build argument 'ament_cmake_args' from command line to 'None'
[0.324s] Level 5:colcon.colcon_core.verb:set package 'five_dof_cobot_roll_j4_moveit_config' build argument 'catkin_cmake_args' from command line to 'None'
[0.324s] Level 5:colcon.colcon_core.verb:set package 'five_dof_cobot_roll_j4_moveit_config' build argument 'catkin_skip_building_tests' from command line to 'False'
[0.324s] DEBUG:colcon.colcon_core.verb:Building package 'five_dof_cobot_roll_j4_moveit_config' with the following arguments: {'ament_cmake_args': None, 'build_base': '/home/tracelab/RobotUnified_v2/build/five_dof_cobot_roll_j4_moveit_config', 'catkin_cmake_args': None, 'catkin_skip_building_tests': False, 'cmake_args': None, 'cmake_clean_cache': False, 'cmake_clean_first': False, 'cmake_force_configure': False, 'cmake_target': None, 'cmake_target_skip_unavailable': False, 'install_base': '/home/tracelab/RobotUnified_v2/install/five_dof_cobot_roll_j4_moveit_config', 'merge_install': False, 'path': '/home/tracelab/RobotUnified_v2/src/five_dof_cobot_roll_j4_moveit_config', 'symlink_install': True, 'test_result_base': None}
[0.325s] INFO:colcon.colcon_core.executor:Executing jobs using 'parallel' executor
[0.327s] DEBUG:colcon.colcon_parallel_executor.executor.parallel:run_until_complete
[0.328s] INFO:colcon.colcon_ros.task.ament_cmake.build:Building ROS package in '/home/tracelab/RobotUnified_v2/src/five_dof_cobot_roll_j4_moveit_config' with build type 'ament_cmake'
[0.328s] INFO:colcon.colcon_cmake.task.cmake.build:Building CMake package in '/home/tracelab/RobotUnified_v2/src/five_dof_cobot_roll_j4_moveit_config'
[0.337s] INFO:colcon.colcon_core.plugin_system:Skipping extension 'colcon_core.shell.bat': Not used on non-Windows systems
[0.338s] DEBUG:colcon.colcon_core.shell:Skip shell extension 'dsv' for command environment
[0.340s] WARNING:colcon.colcon_ros.prefix_path.ament:The path '/home/tracelab/RobotUnified_v2/install/five_dof_cobot_roll_j4_moveit_config' in the environment variable AMENT_PREFIX_PATH doesn't exist
[0.340s] WARNING:colcon.colcon_ros.prefix_path.catkin:The path '/home/tracelab/RobotUnified_v2/install/five_dof_cobot_roll_j4_moveit_config' in the environment variable CMAKE_PREFIX_PATH doesn't exist
[0.363s] DEBUG:colcon.colcon_core.event_handler.log_command:Invoking command in '/home/tracelab/RobotUnified_v2/build/five_dof_cobot_roll_j4_moveit_config': CMAKE_PREFIX_PATH=${CMAKE_PREFIX_PATH}:/opt/ros/jazzy DEBUGINFOD_URLS=https://debuginfod.ubuntu.com /usr/bin/cmake /home/tracelab/RobotUnified_v2/src/five_dof_cobot_roll_j4_moveit_config -DAMENT_CMAKE_SYMLINK_INSTALL=1 -DCMAKE_INSTALL_PREFIX=/home/tracelab/RobotUnified_v2/install/five_dof_cobot_roll_j4_moveit_config
[1.920s] DEBUG:colcon.colcon_core.event_handler.log_command:Invoked command in '/home/tracelab/RobotUnified_v2/build/five_dof_cobot_roll_j4_moveit_config' returned '0': CMAKE_PREFIX_PATH=${CMAKE_PREFIX_PATH}:/opt/ros/jazzy DEBUGINFOD_URLS=https://debuginfod.ubuntu.com /usr/bin/cmake /home/tracelab/RobotUnified_v2/src/five_dof_cobot_roll_j4_moveit_config -DAMENT_CMAKE_SYMLINK_INSTALL=1 -DCMAKE_INSTALL_PREFIX=/home/tracelab/RobotUnified_v2/install/five_dof_cobot_roll_j4_moveit_config
[1.922s] DEBUG:colcon.colcon_core.event_handler.log_command:Invoking command in '/home/tracelab/RobotUnified_v2/build/five_dof_cobot_roll_j4_moveit_config': CMAKE_PREFIX_PATH=${CMAKE_PREFIX_PATH}:/opt/ros/jazzy DEBUGINFOD_URLS=https://debuginfod.ubuntu.com /usr/bin/cmake --build /home/tracelab/RobotUnified_v2/build/five_dof_cobot_roll_j4_moveit_config -- -j4 -l4
[2.018s] DEBUG:colcon.colcon_core.event_handler.log_command:Invoked command in '/home/tracelab/RobotUnified_v2/build/five_dof_cobot_roll_j4_moveit_config' returned '0': CMAKE_PREFIX_PATH=${CMAKE_PREFIX_PATH}:/opt/ros/jazzy DEBUGINFOD_URLS=https://debuginfod.ubuntu.com /usr/bin/cmake --build /home/tracelab/RobotUnified_v2/build/five_dof_cobot_roll_j4_moveit_config -- -j4 -l4
[2.047s] DEBUG:colcon.colcon_core.event_handler.log_command:Invoking command in '/home/tracelab/RobotUnified_v2/build/five_dof_cobot_roll_j4_moveit_config': CMAKE_PREFIX_PATH=${CMAKE_PREFIX_PATH}:/opt/ros/jazzy DEBUGINFOD_URLS=https://debuginfod.ubuntu.com /usr/bin/cmake --install /home/tracelab/RobotUnified_v2/build/five_dof_cobot_roll_j4_moveit_config
[2.829s] Level 1:colcon.colcon_core.environment:create_environment_scripts_only(five_dof_cobot_roll_j4_moveit_config)
[2.830s] DEBUG:colcon.colcon_core.event_handler.log_command:Invoked command in '/home/tracelab/RobotUnified_v2/build/five_dof_cobot_roll_j4_moveit_config' returned '0': CMAKE_PREFIX_PATH=${CMAKE_PREFIX_PATH}:/opt/ros/jazzy DEBUGINFOD_URLS=https://debuginfod.ubuntu.com /usr/bin/cmake --install /home/tracelab/RobotUnified_v2/build/five_dof_cobot_roll_j4_moveit_config
[2.834s] Level 1:colcon.colcon_core.environment:checking '/home/tracelab/RobotUnified_v2/install/five_dof_cobot_roll_j4_moveit_config' for CMake module files
[2.835s] Level 1:colcon.colcon_core.environment:checking '/home/tracelab/RobotUnified_v2/install/five_dof_cobot_roll_j4_moveit_config' for CMake config files
[2.837s] Level 1:colcon.colcon_core.shell:create_environment_hook('five_dof_cobot_roll_j4_moveit_config', 'cmake_prefix_path')
[2.839s] INFO:colcon.colcon_core.shell:Creating environment descriptor '/home/tracelab/RobotUnified_v2/install/five_dof_cobot_roll_j4_moveit_config/share/five_dof_cobot_roll_j4_moveit_config/hook/cmake_prefix_path.dsv'
[2.843s] INFO:colcon.colcon_core.shell:Creating environment hook '/home/tracelab/RobotUnified_v2/install/five_dof_cobot_roll_j4_moveit_config/share/five_dof_cobot_roll_j4_moveit_config/hook/cmake_prefix_path.sh'
[2.846s] Level 1:colcon.colcon_core.environment:checking '/home/tracelab/RobotUnified_v2/install/five_dof_cobot_roll_j4_moveit_config/bin'
[2.846s] Level 1:colcon.colcon_core.environment:checking '/home/tracelab/RobotUnified_v2/install/five_dof_cobot_roll_j4_moveit_config/lib/pkgconfig/five_dof_cobot_roll_j4_moveit_config.pc'
[2.851s] Level 1:colcon.colcon_core.environment:checking '/home/tracelab/RobotUnified_v2/install/five_dof_cobot_roll_j4_moveit_config/lib/python3.12/site-packages'
[2.852s] Level 1:colcon.colcon_core.environment:checking '/home/tracelab/RobotUnified_v2/install/five_dof_cobot_roll_j4_moveit_config/bin'
[2.852s] INFO:colcon.colcon_core.shell:Creating package descriptor '/home/tracelab/RobotUnified_v2/install/five_dof_cobot_roll_j4_moveit_config/share/five_dof_cobot_roll_j4_moveit_config/package.dsv'
[2.854s] INFO:colcon.colcon_core.shell:Creating package script '/home/tracelab/RobotUnified_v2/install/five_dof_cobot_roll_j4_moveit_config/share/five_dof_cobot_roll_j4_moveit_config/package.sh'
[2.855s] INFO:colcon.colcon_core.shell:Creating package script '/home/tracelab/RobotUnified_v2/install/five_dof_cobot_roll_j4_moveit_config/share/five_dof_cobot_roll_j4_moveit_config/package.bash'
[2.856s] INFO:colcon.colcon_core.shell:Creating package script '/home/tracelab/RobotUnified_v2/install/five_dof_cobot_roll_j4_moveit_config/share/five_dof_cobot_roll_j4_moveit_config/package.zsh'
[2.857s] Level 1:colcon.colcon_core.environment:create_file_with_runtime_dependencies(/home/tracelab/RobotUnified_v2/install/five_dof_cobot_roll_j4_moveit_config/share/colcon-core/packages/five_dof_cobot_roll_j4_moveit_config)
[2.858s] Level 1:colcon.colcon_core.environment:create_environment_scripts_only(five_dof_cobot_roll_j4_moveit_config)
[2.858s] Level 1:colcon.colcon_core.environment:checking '/home/tracelab/RobotUnified_v2/install/five_dof_cobot_roll_j4_moveit_config' for CMake module files
[2.859s] Level 1:colcon.colcon_core.environment:checking '/home/tracelab/RobotUnified_v2/install/five_dof_cobot_roll_j4_moveit_config' for CMake config files
[2.859s] Level 1:colcon.colcon_core.shell:create_environment_hook('five_dof_cobot_roll_j4_moveit_config', 'cmake_prefix_path')
[2.859s] INFO:colcon.colcon_core.shell:Creating environment descriptor '/home/tracelab/RobotUnified_v2/install/five_dof_cobot_roll_j4_moveit_config/share/five_dof_cobot_roll_j4_moveit_config/hook/cmake_prefix_path.dsv'
[2.860s] INFO:colcon.colcon_core.shell:Creating environment hook '/home/tracelab/RobotUnified_v2/install/five_dof_cobot_roll_j4_moveit_config/share/five_dof_cobot_roll_j4_moveit_config/hook/cmake_prefix_path.sh'
[2.867s] Level 1:colcon.colcon_core.environment:checking '/home/tracelab/RobotUnified_v2/install/five_dof_cobot_roll_j4_moveit_config/bin'
[2.867s] Level 1:colcon.colcon_core.environment:checking '/home/tracelab/RobotUnified_v2/install/five_dof_cobot_roll_j4_moveit_config/lib/pkgconfig/five_dof_cobot_roll_j4_moveit_config.pc'
[2.867s] Level 1:colcon.colcon_core.environment:checking '/home/tracelab/RobotUnified_v2/install/five_dof_cobot_roll_j4_moveit_config/lib/python3.12/site-packages'
[2.868s] Level 1:colcon.colcon_core.environment:checking '/home/tracelab/RobotUnified_v2/install/five_dof_cobot_roll_j4_moveit_config/bin'
[2.868s] INFO:colcon.colcon_core.shell:Creating package descriptor '/home/tracelab/RobotUnified_v2/install/five_dof_cobot_roll_j4_moveit_config/share/five_dof_cobot_roll_j4_moveit_config/package.dsv'
[2.869s] INFO:colcon.colcon_core.shell:Creating package script '/home/tracelab/RobotUnified_v2/install/five_dof_cobot_roll_j4_moveit_config/share/five_dof_cobot_roll_j4_moveit_config/package.sh'
[2.870s] INFO:colcon.colcon_core.shell:Creating package script '/home/tracelab/RobotUnified_v2/install/five_dof_cobot_roll_j4_moveit_config/share/five_dof_cobot_roll_j4_moveit_config/package.bash'
[2.871s] INFO:colcon.colcon_core.shell:Creating package script '/home/tracelab/RobotUnified_v2/install/five_dof_cobot_roll_j4_moveit_config/share/five_dof_cobot_roll_j4_moveit_config/package.zsh'
[2.872s] Level 1:colcon.colcon_core.environment:create_file_with_runtime_dependencies(/home/tracelab/RobotUnified_v2/install/five_dof_cobot_roll_j4_moveit_config/share/colcon-core/packages/five_dof_cobot_roll_j4_moveit_config)
[2.873s] DEBUG:colcon.colcon_parallel_executor.executor.parallel:closing loop
[2.874s] DEBUG:colcon.colcon_parallel_executor.executor.parallel:loop closed
[2.874s] DEBUG:colcon.colcon_parallel_executor.executor.parallel:run_until_complete finished with '0'
[2.874s] DEBUG:colcon.colcon_core.event_reactor:joining thread
[2.890s] INFO:colcon.colcon_core.plugin_system:Skipping extension 'colcon_notification.desktop_notification.terminal_notifier': Not used on non-Darwin systems
[2.891s] INFO:colcon.colcon_core.plugin_system:Skipping extension 'colcon_notification.desktop_notification.win32': Not used on non-Windows systems
[2.891s] INFO:colcon.colcon_notification.desktop_notification:Sending desktop notification using 'notify2'
[2.916s] DEBUG:colcon.colcon_core.event_reactor:joined thread
[2.916s] INFO:colcon.colcon_core.shell:Creating prefix script '/home/tracelab/RobotUnified_v2/install/local_setup.sh'
[2.918s] INFO:colcon.colcon_core.shell:Creating prefix util module '/home/tracelab/RobotUnified_v2/install/_local_setup_util_sh.py'
[2.920s] INFO:colcon.colcon_core.shell:Creating prefix chain script '/home/tracelab/RobotUnified_v2/install/setup.sh'
[2.921s] INFO:colcon.colcon_core.shell:Creating prefix script '/home/tracelab/RobotUnified_v2/install/local_setup.bash'
[2.922s] INFO:colcon.colcon_core.shell:Creating prefix chain script '/home/tracelab/RobotUnified_v2/install/setup.bash'
[2.924s] INFO:colcon.colcon_core.shell:Creating prefix script '/home/tracelab/RobotUnified_v2/install/local_setup.zsh'
[2.925s] INFO:colcon.colcon_core.shell:Creating prefix chain script '/home/tracelab/RobotUnified_v2/install/setup.zsh'
